<?xml version="1.0" encoding="UTF-8"?>
<!-- Generated by org.testng.reporters.JUnitReportReporter -->
<testsuite hostname="Vikass-MacBook-Pro.local" failures="0" tests="1" name="com.SeleniumTests.DocuSignRoomsAssignment" time="18.077" errors="0" timestamp="2021-06-20T23:55:53 CDT" skipped="0">
  <testcase classname="com.SeleniumTests.DocuSignRoomsAssignment" name="verifyRoomsForRealEstate" time="18.077"/>
  <system-out/>
</testsuite> <!-- com.SeleniumTests.DocuSignRoomsAssignment -->
