<?xml version="1.0" encoding="UTF-8"?>
<!-- Generated by org.testng.reporters.JUnitReportReporter -->
<testsuite hostname="Vikass-MacBook-Pro.local" failures="0" tests="1" name="com.SeleniumTests.DocuSignRoomsAssignment" time="21.522" errors="0" timestamp="2021-06-23T23:47:37 CDT" skipped="0">
  <testcase classname="com.SeleniumTests.DocuSignRoomsAssignment" name="verifyRoomsForRealEstate" time="21.522"/>
  <system-out/>
</testsuite> <!-- com.SeleniumTests.DocuSignRoomsAssignment -->
